c:\users\owner\desktop\files\visual_studio_solution\visual_studio_solution\debug\vc120.pdb
c:\users\owner\desktop\files\visual_studio_solution\visual_studio_solution\debug\vc120.idb
c:\users\owner\desktop\files\visual_studio_solution\visual_studio_solution\debug\linit.obj
c:\users\owner\desktop\files\visual_studio_solution\visual_studio_solution\debug\liolib.obj
c:\users\owner\desktop\files\visual_studio_solution\visual_studio_solution\debug\llex.obj
c:\users\owner\desktop\files\visual_studio_solution\visual_studio_solution\debug\lmathlib.obj
c:\users\owner\desktop\files\visual_studio_solution\visual_studio_solution\debug\lmem.obj
c:\users\owner\desktop\files\visual_studio_solution\visual_studio_solution\debug\loadlib.obj
c:\users\owner\desktop\files\visual_studio_solution\visual_studio_solution\debug\lobject.obj
c:\users\owner\desktop\files\visual_studio_solution\visual_studio_solution\debug\lopcodes.obj
c:\users\owner\desktop\files\visual_studio_solution\visual_studio_solution\debug\loslib.obj
c:\users\owner\desktop\files\visual_studio_solution\visual_studio_solution\debug\lparser.obj
c:\users\owner\desktop\files\visual_studio_solution\visual_studio_solution\debug\lstate.obj
c:\users\owner\desktop\files\visual_studio_solution\visual_studio_solution\debug\lstring.obj
c:\users\owner\desktop\files\visual_studio_solution\visual_studio_solution\debug\lstrlib.obj
c:\users\owner\desktop\files\visual_studio_solution\visual_studio_solution\debug\ltable.obj
c:\users\owner\desktop\files\visual_studio_solution\visual_studio_solution\debug\ltablib.obj
c:\users\owner\desktop\files\visual_studio_solution\visual_studio_solution\debug\ltm.obj
c:\users\owner\desktop\files\visual_studio_solution\visual_studio_solution\debug\lundump.obj
c:\users\owner\desktop\files\visual_studio_solution\visual_studio_solution\debug\lutf8lib.obj
c:\users\owner\desktop\files\visual_studio_solution\visual_studio_solution\debug\lvm.obj
c:\users\owner\desktop\files\visual_studio_solution\visual_studio_solution\debug\lzio.obj
c:\users\owner\desktop\files\visual_studio_solution\visual_studio_solution\debug\lapi.obj
c:\users\owner\desktop\files\visual_studio_solution\visual_studio_solution\debug\lauxlib.obj
c:\users\owner\desktop\files\visual_studio_solution\visual_studio_solution\debug\lbaselib.obj
c:\users\owner\desktop\files\visual_studio_solution\visual_studio_solution\debug\lbitlib.obj
c:\users\owner\desktop\files\visual_studio_solution\visual_studio_solution\debug\lcode.obj
c:\users\owner\desktop\files\visual_studio_solution\visual_studio_solution\debug\lcorolib.obj
c:\users\owner\desktop\files\visual_studio_solution\visual_studio_solution\debug\lctype.obj
c:\users\owner\desktop\files\visual_studio_solution\visual_studio_solution\debug\ldblib.obj
c:\users\owner\desktop\files\visual_studio_solution\visual_studio_solution\debug\ldebug.obj
c:\users\owner\desktop\files\visual_studio_solution\visual_studio_solution\debug\ldo.obj
c:\users\owner\desktop\files\visual_studio_solution\visual_studio_solution\debug\ldump.obj
c:\users\owner\desktop\files\visual_studio_solution\visual_studio_solution\debug\lfunc.obj
c:\users\owner\desktop\files\visual_studio_solution\visual_studio_solution\debug\lgc.obj
c:\users\owner\desktop\files\visual_studio_solution\visual_studio_solution\debug\streamreader.obj
c:\users\owner\desktop\files\visual_studio_solution\debug\visual_studio_solution.ilk
c:\users\owner\desktop\files\visual_studio_solution\debug\visual_studio_solution.exe
c:\users\owner\desktop\files\visual_studio_solution\debug\visual_studio_solution.pdb
c:\users\owner\desktop\files\visual_studio_solution\visual_studio_solution\debug\visual_s.da19ae1d.tlog\cl.command.1.tlog
c:\users\owner\desktop\files\visual_studio_solution\visual_studio_solution\debug\visual_s.da19ae1d.tlog\cl.read.1.tlog
c:\users\owner\desktop\files\visual_studio_solution\visual_studio_solution\debug\visual_s.da19ae1d.tlog\cl.write.1.tlog
c:\users\owner\desktop\files\visual_studio_solution\visual_studio_solution\debug\visual_s.da19ae1d.tlog\link.command.1.tlog
c:\users\owner\desktop\files\visual_studio_solution\visual_studio_solution\debug\visual_s.da19ae1d.tlog\link.read.1.tlog
c:\users\owner\desktop\files\visual_studio_solution\visual_studio_solution\debug\visual_s.da19ae1d.tlog\link.write.1.tlog
