e:\google ドライブ\projects\github\stream_reader\files\visual_studio_solution\visual_studio_solution\release\vc120.pdb
e:\google ドライブ\projects\github\stream_reader\files\visual_studio_solution\visual_studio_solution\release\lobject.obj
e:\google ドライブ\projects\github\stream_reader\files\visual_studio_solution\visual_studio_solution\release\loadlib.obj
e:\google ドライブ\projects\github\stream_reader\files\visual_studio_solution\visual_studio_solution\release\lmem.obj
e:\google ドライブ\projects\github\stream_reader\files\visual_studio_solution\visual_studio_solution\release\lmathlib.obj
e:\google ドライブ\projects\github\stream_reader\files\visual_studio_solution\visual_studio_solution\release\llex.obj
e:\google ドライブ\projects\github\stream_reader\files\visual_studio_solution\visual_studio_solution\release\liolib.obj
e:\google ドライブ\projects\github\stream_reader\files\visual_studio_solution\visual_studio_solution\release\linit.obj
e:\google ドライブ\projects\github\stream_reader\files\visual_studio_solution\visual_studio_solution\release\lgc.obj
e:\google ドライブ\projects\github\stream_reader\files\visual_studio_solution\visual_studio_solution\release\lfunc.obj
e:\google ドライブ\projects\github\stream_reader\files\visual_studio_solution\visual_studio_solution\release\ldump.obj
e:\google ドライブ\projects\github\stream_reader\files\visual_studio_solution\visual_studio_solution\release\ldo.obj
e:\google ドライブ\projects\github\stream_reader\files\visual_studio_solution\visual_studio_solution\release\ldebug.obj
e:\google ドライブ\projects\github\stream_reader\files\visual_studio_solution\visual_studio_solution\release\ldblib.obj
e:\google ドライブ\projects\github\stream_reader\files\visual_studio_solution\visual_studio_solution\release\lctype.obj
e:\google ドライブ\projects\github\stream_reader\files\visual_studio_solution\visual_studio_solution\release\lcorolib.obj
e:\google ドライブ\projects\github\stream_reader\files\visual_studio_solution\visual_studio_solution\release\lcode.obj
e:\google ドライブ\projects\github\stream_reader\files\visual_studio_solution\visual_studio_solution\release\lbitlib.obj
e:\google ドライブ\projects\github\stream_reader\files\visual_studio_solution\visual_studio_solution\release\lbaselib.obj
e:\google ドライブ\projects\github\stream_reader\files\visual_studio_solution\visual_studio_solution\release\lauxlib.obj
e:\google ドライブ\projects\github\stream_reader\files\visual_studio_solution\visual_studio_solution\release\lapi.obj
e:\google ドライブ\projects\github\stream_reader\files\visual_studio_solution\visual_studio_solution\release\lzio.obj
e:\google ドライブ\projects\github\stream_reader\files\visual_studio_solution\visual_studio_solution\release\lvm.obj
e:\google ドライブ\projects\github\stream_reader\files\visual_studio_solution\visual_studio_solution\release\lutf8lib.obj
e:\google ドライブ\projects\github\stream_reader\files\visual_studio_solution\visual_studio_solution\release\lundump.obj
e:\google ドライブ\projects\github\stream_reader\files\visual_studio_solution\visual_studio_solution\release\ltm.obj
e:\google ドライブ\projects\github\stream_reader\files\visual_studio_solution\visual_studio_solution\release\ltablib.obj
e:\google ドライブ\projects\github\stream_reader\files\visual_studio_solution\visual_studio_solution\release\ltable.obj
e:\google ドライブ\projects\github\stream_reader\files\visual_studio_solution\visual_studio_solution\release\lstrlib.obj
e:\google ドライブ\projects\github\stream_reader\files\visual_studio_solution\visual_studio_solution\release\lstring.obj
e:\google ドライブ\projects\github\stream_reader\files\visual_studio_solution\visual_studio_solution\release\lstate.obj
e:\google ドライブ\projects\github\stream_reader\files\visual_studio_solution\visual_studio_solution\release\lparser.obj
e:\google ドライブ\projects\github\stream_reader\files\visual_studio_solution\visual_studio_solution\release\loslib.obj
e:\google ドライブ\projects\github\stream_reader\files\visual_studio_solution\visual_studio_solution\release\lopcodes.obj
e:\google ドライブ\projects\github\stream_reader\files\visual_studio_solution\visual_studio_solution\release\streamreader.obj
e:\google ドライブ\projects\github\stream_reader\files\visual_studio_solution\release\visual_studio_solution.exe
e:\google ドライブ\projects\github\stream_reader\files\visual_studio_solution\release\visual_studio_solution.pdb
e:\google ドライブ\projects\github\stream_reader\files\visual_studio_solution\visual_studio_solution\release\visual_s.da19ae1d.tlog\cl.command.1.tlog
e:\google ドライブ\projects\github\stream_reader\files\visual_studio_solution\visual_studio_solution\release\visual_s.da19ae1d.tlog\cl.read.1.tlog
e:\google ドライブ\projects\github\stream_reader\files\visual_studio_solution\visual_studio_solution\release\visual_s.da19ae1d.tlog\cl.write.1.tlog
e:\google ドライブ\projects\github\stream_reader\files\visual_studio_solution\visual_studio_solution\release\visual_s.da19ae1d.tlog\link.command.1.tlog
e:\google ドライブ\projects\github\stream_reader\files\visual_studio_solution\visual_studio_solution\release\visual_s.da19ae1d.tlog\link.read.1.tlog
e:\google ドライブ\projects\github\stream_reader\files\visual_studio_solution\visual_studio_solution\release\visual_s.da19ae1d.tlog\link.write.1.tlog
